\BOOKMARK [0][-]{chapter*.2}{\376\377\000\332\000v\000o\000d}{}% 1
\BOOKMARK [0][-]{chapter.1}{\376\377\000N\000\341\000p\000o\000v\001\033\000d\000a\000\040\000k\000\040\000s\000a\000z\000b\001\033}{}% 2
\BOOKMARK [1][-]{section.1.1}{\376\377\000\332\000p\000r\000a\000v\000a\000\040\000p\000r\000\341\000c\000e}{chapter.1}% 3
\BOOKMARK [1][-]{section.1.2}{\376\377\000J\000e\000d\000n\000o\000d\000u\000c\000h\000\351\000\040\000p\001\131\000\355\000k\000l\000a\000d\000y}{chapter.1}% 4
\BOOKMARK [1][-]{section.1.3}{\376\377\000M\000a\000t\000e\000m\000a\000t\000i\000c\000k\000\351\000\040\000v\000z\000o\000r\000c\000e\000\040\000a\000\040\000v\000\375\000r\000a\000z\000y}{chapter.1}% 5
\BOOKMARK [1][-]{section.1.4}{\376\377\000D\000e\000f\000i\000n\000i\000c\000e\000,\000\040\000v\001\033\000t\000y\000,\000\040\000d\001\157\000k\000a\000z\000y\000,\000\040\040\046}{chapter.1}% 6
\BOOKMARK [0][-]{chapter.2}{\376\377\000O\000d\000k\000a\000z\000y\000\040\000n\000a\000\040\000l\000i\000t\000e\000r\000a\000t\000u\000r\000u}{}% 7
\BOOKMARK [1][-]{section.2.1}{\376\377\000N\001\033\000k\000o\000l\000i\000k\000\040\000u\000k\000\341\000z\000e\000k}{chapter.2}% 8
\BOOKMARK [0][-]{chapter.3}{\376\377\000T\000a\000b\000u\000l\000k\000y\000,\000\040\000o\000b\000r\000\341\000z\000k\000y\000,\000\040\000p\000r\000o\000g\000r\000a\000m\000y}{}% 9
\BOOKMARK [1][-]{section.3.1}{\376\377\000T\000a\000b\000u\000l\000k\000y}{chapter.3}% 10
\BOOKMARK [1][-]{section.3.2}{\376\377\000O\000b\000r\000\341\000z\000k\000y}{chapter.3}% 11
\BOOKMARK [1][-]{section.3.3}{\376\377\000P\000r\000o\000g\000r\000a\000m\000y}{chapter.3}% 12
\BOOKMARK [0][-]{chapter.4}{\376\377\000F\000o\000r\000m\000\341\000t\000\040\000P\000D\000F\000/\000A}{}% 13
\BOOKMARK [0][-]{chapter.5}{\376\377\000O\000b\000e\000c\000n\000\351\000\040\000i\000n\000f\000o\000r\000m\000\341\000c\000i\000e\000\040\000o\000\040\000a\000p\000l\000i\000k\000\341\000c\000i\000i}{}% 14
\BOOKMARK [1][-]{section.5.1}{\376\377\000M\000o\000t\000i\000v\000\341\000c\000i\000a}{chapter.5}% 15
\BOOKMARK [1][-]{section.5.2}{\376\377\000A\000s\000p\000e\000k\000t\000y\000\040\000h\001\076\000a\000d\000a\000n\000i\000a\000\040\000n\000a\000j\000r\000\375\000c\000h\000l\000e\000j\001\141\000e\000j\000\040\000t\000r\000a\000s\000y\000\040\000\050\000v\000\040\000O\000B\000\051}{chapter.5}% 16
\BOOKMARK [2][-]{subsection.5.2.1}{\376\377\000M\000a\000p\000y}{section.5.2}% 17
\BOOKMARK [2][-]{subsection.5.2.2}{\376\377\000M\000a\000p\000o\000v\000\351\000\040\000r\000e\000p\000r\000e\000z\000e\000n\000t\000\341\000c\000i\000e}{section.5.2}% 18
\BOOKMARK [2][-]{subsection.5.2.3}{\376\377\000U\001\176\000\355\000v\000a\000t\000e\001\076\000s\000k\000\351\000\040\000m\000o\000d\000e\000l\000y}{section.5.2}% 19
\BOOKMARK [2][-]{subsection.5.2.4}{\376\377\000V\000\375\001\141\000k\000o\000v\000\351\000\040\000d\000\341\000t\000a}{section.5.2}% 20
\BOOKMARK [2][-]{subsection.5.2.5}{\376\377\000A\000t\000r\000i\000b\000\372\000t\000o\000v\000\351\000\040\000t\000e\000m\000p\000l\000a\000t\000e\000-\000y}{section.5.2}% 21
\BOOKMARK [2][-]{subsection.5.2.6}{\376\377\000V\000y\000h\001\076\000a\000d\000\341\000v\000a\000c\000i\000e\000\040\000a\000l\000g\000o\000r\000i\000t\000m\000y}{section.5.2}% 22
\BOOKMARK [1][-]{section.5.3}{\376\377\000Z\000v\000o\000l\000e\000n\000\351\000\040\000p\000r\000o\000s\000t\000r\000i\000e\000d\000k\000y}{chapter.5}% 23
\BOOKMARK [2][-]{subsection.5.3.1}{\376\377\000P\000o\000u\001\176\000i\000t\000\375\000\040\000p\000r\000o\000g\000r\000a\000m\000o\000v\000a\000c\000\355\000\040\000j\000a\000z\000y\000k}{section.5.3}% 24
\BOOKMARK [2][-]{subsection.5.3.2}{\376\377\000U\001\176\000\355\000v\000a\000t\000e\001\076\000s\000k\000\351\000\040\000r\000o\000z\000h\000r\000a\000n\000i\000e}{section.5.3}% 25
\BOOKMARK [2][-]{subsection.5.3.3}{\376\377\000A\000r\000c\000h\000i\000t\000e\000k\000t\000\372\000r\000a\000\040\000M\000o\000d\000e\000l\000-\000V\000i\000e\000w\000-\000V\000i\000e\000w\000M\000o\000d\000e\000l\000\040\000\050\000M\000V\000V\000M\000\051}{section.5.3}% 26
\BOOKMARK [2][-]{subsection.5.3.4}{\376\377\000R\000e\000a\000k\000t\000\355\000v\000n\000e\000\040\000p\000r\000o\000g\000r\000a\000m\000o\000v\000a\000n\000i\000e}{section.5.3}% 27
\BOOKMARK [0][-]{chapter.6}{\376\377\000A\000r\000c\000h\000i\000t\000e\000k\000t\000\372\000r\000a\000\040\000a\000k\000o\000\040\000c\000e\000l\000o\000k}{}% 28
\BOOKMARK [1][-]{section.6.1}{\376\377\000M\000V\000V\000M\000\050\000M\000V\000\051\000\040\000n\000\341\000v\000r\000h\000o\000v\000\375\000\040\000v\000z\000o\000r}{chapter.6}% 29
\BOOKMARK [2][-]{subsection.6.1.1}{\376\377\000V\000i\000e\000w}{section.6.1}% 30
\BOOKMARK [2][-]{subsection.6.1.2}{\376\377\000V\000i\000e\000w\000\040\000m\000o\000d\000e\000l}{section.6.1}% 31
\BOOKMARK [2][-]{subsection.6.1.3}{\376\377\000M\000o\000d\000e\000l\000\040\000v\000i\000e\000w}{section.6.1}% 32
\BOOKMARK [2][-]{subsection.6.1.4}{\376\377\000M\000o\000d\000e\000l}{section.6.1}% 33
\BOOKMARK [1][-]{section.6.2}{\376\377\000S\000e\000s\000s\000i\000o\000n\000-\000y\000\040\000+\000\040\000h\000l\000a\000v\000n\000\351\000\040\000o\000k\000n\000o}{chapter.6}% 34
\BOOKMARK [0][-]{chapter*.11}{\376\377\000Z\000\341\000v\001\033\000r}{}% 35
\BOOKMARK [0][-]{chapter*.12}{\376\377\000L\000i\000t\000e\000r\000a\000t\000u\000r\000a}{}% 36
\BOOKMARK [0][-]{chapter*.13}{\376\377\000S\000e\000z\000n\000a\000m\000\040\000o\000b\000r\000\341\000z\000k\001\157}{}% 37
\BOOKMARK [0][-]{chapter*.14}{\376\377\000S\000e\000z\000n\000a\000m\000\040\000p\000o\000u\001\176\000i\000t\000\375\000c\000h\000\040\000z\000k\000r\000a\000t\000e\000k}{}% 38
\BOOKMARK [0][-]{appendix.A}{\376\377\000P\001\131\000\355\000l\000o\000h\000y}{}% 39
\BOOKMARK [1][-]{section.A.1}{\376\377\000P\000r\000v\000n\000\355\000\040\000p\001\131\000\355\000l\000o\000h\000a}{appendix.A}% 40
